Date/Time:       2025-11-30 21:06:29 
Command line:    C:\Users\User\AppData\Local\Packages\PythonSoftwareFoundation.Python.3.13_qbz5n2kfra8p0\LocalCache\local-packages\Python313\site-packages\briefcase\__main__.py new

OS Release:      Windows 11
OS Version:      10.0.26200
Architecture:    AMD64
Platform:        Windows-11-10.0.26200-SP0

Python exe:      C:\Users\User\AppData\Local\Microsoft\WindowsApps\PythonSoftwareFoundation.Python.3.13_qbz5n2kfra8p0\python.exe
Python version:  3.13.9 (tags/v3.13.9:8183fa5, Oct 14 2025, 14:09:13) [MSC v.1944 64 bit (AMD64)]
Virtual env:     False
Conda env:       False

Briefcase:       0.3.25
Target platform: all
Target format:   

Environment Variables:
	ALLUSERSPROFILE=C:\ProgramData
	APPDATA=C:\Users\User\AppData\Roaming
	COMMONPROGRAMFILES=C:\Program Files\Common Files
	COMMONPROGRAMFILES(X86)=C:\Program Files (x86)\Common Files
	COMMONPROGRAMW6432=C:\Program Files\Common Files
	COMPUTERNAME=DESKTOP-1OJOB65
	COMSPEC=C:\Windows\system32\cmd.exe
	DRIVERDATA=C:\Windows\System32\Drivers\DriverData
	HOMEDRIVE=C:
	HOMEPATH=\Users\User
	LOCALAPPDATA=C:\Users\User\AppData\Local
	LOGONSERVER=\\DESKTOP-1OJOB65
	NUMBER_OF_PROCESSORS=12
	ONEDRIVE=C:\Users\User\OneDrive
	OS=Windows_NT
	PATH=C:\Program Files (x86)\Common Files\Oracle\Java\javapath;C:\Windows\system32;C:\Windows;C:\Windows\System32\Wbem;C:\Windows\System32\WindowsPowerShell\v1.0\;C:\Windows\System32\OpenSSH\;C:\Program Files (x86)\cpeditor\mingw64\bin;;C:\Program Files\Docker\Docker\resources\bin;C:\Users\User\AppData\Local\Microsoft\WindowsApps;;C:\Users\User\AppData\Local\Programs\Ollama;C:\Users\User\AppData\Local\Programs\Microsoft VS Code\bin;C:\Users\User\AppData\Local\Programs\Microsoft VS Code Insiders\bin
	PATHEXT=.COM;.EXE;.BAT;.CMD;.VBS;.VBE;.JS;.JSE;.WSF;.WSH;.MSC;.CPL
	PROCESSOR_ARCHITECTURE=AMD64
	PROCESSOR_IDENTIFIER=Intel64 Family 6 Model 186 Stepping 2, GenuineIntel
	PROCESSOR_LEVEL=6
	PROCESSOR_REVISION=ba02
	PROGRAMDATA=C:\ProgramData
	PROGRAMFILES=C:\Program Files
	PROGRAMFILES(X86)=C:\Program Files (x86)
	PROGRAMW6432=C:\Program Files
	PSMODULEPATH=C:\Users\User\Documents\WindowsPowerShell\Modules;C:\Program Files\WindowsPowerShell\Modules;C:\Windows\system32\WindowsPowerShell\v1.0\Modules
	PT8HOME=E:\Program Files\Cisco Packet Tracer 9.0.0
	PUBLIC=C:\Users\Public
	PYTHONUSERBASE=C:\Users\User\AppData\Local\Packages\PythonSoftwareFoundation.Python.3.13_qbz5n2kfra8p0\LocalCache\local-packages
	SESSIONNAME=Console
	SYSTEMDRIVE=C:
	SYSTEMROOT=C:\Windows
	TEMP=C:\Users\User\AppData\Local\Temp
	TMP=C:\Users\User\AppData\Local\Temp
	USERDOMAIN=DESKTOP-1OJOB65
	USERDOMAIN_ROAMINGPROFILE=DESKTOP-1OJOB65
	USERNAME=User
	USERPROFILE=C:\Users\User
	WINDIR=C:\Windows
	WSLENV=WT_SESSION:WT_PROFILE_ID:
	WT_PROFILE_ID={61c54bbd-c2c6-5271-96e7-009a87ff44bf}
	WT_SESSION=81be8376-0403-47d7-a537-4e9ee4fd7d9d
	ZES_ENABLE_SYSMAN=1

pyproject.toml:
[Errno 2] No such file or directory: 'C:\\Users\\User\\Downloads\\Archive\\pyproject.toml'

Briefcase Log:
[21:06:29]                                                                                                                                                            __main__.py:42
           Briefcase requires git, but it is not installed (or is not on your PATH). Visit:                                                                           __main__.py:43
                                                                                                                                                                      __main__.py:43
               https://git-scm.com/                                                                                                                                   __main__.py:43
                                                                                                                                                                      __main__.py:43
           to download and install git manually.                                                                                                                      __main__.py:43
                                                                                                                                                                      __main__.py:43
           If you have installed git recently and are still getting this error, you may                                                                               __main__.py:43
           need to restart your terminal session.                                                                                                                     __main__.py:43
           Saving log... started                                                                                                                                      console.py:438

Main thread traceback:
╭─────────────────────────────────────────────────────────────────────── Traceback (most recent call last) ────────────────────────────────────────────────────────────────────────╮
│ C:\Users\User\AppData\Local\Packages\PythonSoftwareFoundation.Python.3.13_qbz5n2kfra8p0\LocalCache\local-packages\Python313\site-packages\git\__init__.py:296 in <module>        │
│                                                                                                                                                                                  │
│   293                                                                                                                                                                            │
│   294                                                                                                                                                                            │
│   295 try:                                                                                                                                                                       │
│ ❱ 296 │   refresh()                                                                                                                                                              │
│   297 except Exception as _exc:                                                                                                                                                  │
│   298 │   raise ImportError("Failed to initialize: {0}".format(_exc)) from _exc                                                                                                  │
│   299                                                                                                                                                                            │
│                                                                                                                                                                                  │
│ ╭─────────────────────────────────────────────────────────────────────────────────── locals ───────────────────────────────────────────────────────────────────────────────────╮ │
│ │           cmd = <module 'git.cmd' from                                                                                                                                       │ │
│ │                 'C:\\Users\\User\\AppData\\Local\\Packages\\PythonSoftwareFoundation.Python.3.13_qbz5n2kfra8p0\\LocalCache\\local-packages\\Python313\\site-packages\\git\\… │ │
│ │        compat = <module 'git.compat' from                                                                                                                                    │ │
│ │                 'C:\\Users\\User\\AppData\\Local\\Packages\\PythonSoftwareFoundation.Python.3.13_qbz5n2kfra8p0\\LocalCache\\local-packages\\Python313\\site-packages\\git\\… │ │
│ │        config = <module 'git.config' from                                                                                                                                    │ │
│ │                 'C:\\Users\\User\\AppData\\Local\\Packages\\PythonSoftwareFoundation.Python.3.13_qbz5n2kfra8p0\\LocalCache\\local-packages\\Python313\\site-packages\\git\\… │ │
│ │            db = <module 'git.db' from                                                                                                                                        │ │
│ │                 'C:\\Users\\User\\AppData\\Local\\Packages\\PythonSoftwareFoundation.Python.3.13_qbz5n2kfra8p0\\LocalCache\\local-packages\\Python313\\site-packages\\git\\… │ │
│ │          diff = <module 'git.diff' from                                                                                                                                      │ │
│ │                 'C:\\Users\\User\\AppData\\Local\\Packages\\PythonSoftwareFoundation.Python.3.13_qbz5n2kfra8p0\\LocalCache\\local-packages\\Python313\\site-packages\\git\\… │ │
│ │           exc = <module 'git.exc' from                                                                                                                                       │ │
│ │                 'C:\\Users\\User\\AppData\\Local\\Packages\\PythonSoftwareFoundation.Python.3.13_qbz5n2kfra8p0\\LocalCache\\local-packages\\Python313\\site-packages\\git\\… │ │
│ │        GIT_OK = False                                                                                                                                                        │ │
│ │         INDEX = <DiffConstants.INDEX: 2>                                                                                                                                     │ │
│ │         index = <module 'git.index' from                                                                                                                                     │ │
│ │                 'C:\\Users\\User\\AppData\\Local\\Packages\\PythonSoftwareFoundation.Python.3.13_qbz5n2kfra8p0\\LocalCache\\local-packages\\Python313\\site-packages\\git\\… │ │
│ │          List = typing.List                                                                                                                                                  │ │
│ │     NULL_TREE = <DiffConstants.NULL_TREE: 1>                                                                                                                                 │ │
│ │       objects = <module 'git.objects' from                                                                                                                                   │ │
│ │                 'C:\\Users\\User\\AppData\\Local\\Packages\\PythonSoftwareFoundation.Python.3.13_qbz5n2kfra8p0\\LocalCache\\local-packages\\Python313\\site-packages\\git\\… │ │
│ │      Optional = typing.Optional                                                                                                                                              │ │
│ │      PathLike = typing.Union[str, ForwardRef('os.PathLike[str]')]                                                                                                            │ │
│ │          refs = <module 'git.refs' from                                                                                                                                      │ │
│ │                 'C:\\Users\\User\\AppData\\Local\\Packages\\PythonSoftwareFoundation.Python.3.13_qbz5n2kfra8p0\\LocalCache\\local-packages\\Python313\\site-packages\\git\\… │ │
│ │        remote = <module 'git.remote' from                                                                                                                                    │ │
│ │                 'C:\\Users\\User\\AppData\\Local\\Packages\\PythonSoftwareFoundation.Python.3.13_qbz5n2kfra8p0\\LocalCache\\local-packages\\Python313\\site-packages\\git\\… │ │
│ │          repo = <module 'git.repo' from                                                                                                                                      │ │
│ │                 'C:\\Users\\User\\AppData\\Local\\Packages\\PythonSoftwareFoundation.Python.3.13_qbz5n2kfra8p0\\LocalCache\\local-packages\\Python313\\site-packages\\git\\… │ │
│ │      Sequence = typing.Sequence                                                                                                                                              │ │
│ │         Tuple = typing.Tuple                                                                                                                                                 │ │
│ │ TYPE_CHECKING = False                                                                                                                                                        │ │
│ │         types = <module 'git.types' from                                                                                                                                     │ │
│ │                 'C:\\Users\\User\\AppData\\Local\\Packages\\PythonSoftwareFoundation.Python.3.13_qbz5n2kfra8p0\\LocalCache\\local-packages\\Python313\\site-packages\\git\\… │ │
│ │         Union = typing.Union                                                                                                                                                 │ │
│ │      warnings = <module 'warnings' from 'C:\\Program Files\\WindowsApps\\PythonSoftwareFoundation.Python.3.13_3.13.2544.0_x64__qbz5n2kfra8p0\\Lib\\warnings.py'>             │ │
│ ╰──────────────────────────────────────────────────────────────────────────────────────────────────────────────────────────────────────────────────────────────────────────────╯ │
│                                                                                                                                                                                  │
│ C:\Users\User\AppData\Local\Packages\PythonSoftwareFoundation.Python.3.13_qbz5n2kfra8p0\LocalCache\local-packages\Python313\site-packages\git\__init__.py:287 in refresh         │
│                                                                                                                                                                                  │
│   284 │   global GIT_OK                                                                        ╭── locals ───╮                                                                   │
│   285 │   GIT_OK = False                                                                       │ path = None │                                                                   │
│   286 │                                                                                        ╰─────────────╯                                                                   │
│ ❱ 287 │   if not Git.refresh(path=path):                                                                                                                                         │
│   288 │   │   return                                                                                                                                                             │
│   289 │   if not FetchInfo.refresh():  # noqa: F405                                                                                                                              │
│   290 │   │   return  # type: ignore[unreachable]                                                                                                                                │
│                                                                                                                                                                                  │
│ C:\Users\User\AppData\Local\Packages\PythonSoftwareFoundation.Python.3.13_qbz5n2kfra8p0\LocalCache\local-packages\Python313\site-packages\git\cmd.py:860 in refresh              │
│                                                                                                                                                                                  │
│    857 │   │   │   │   │   if mode in warn:                                                                                                                                      │
│    858 │   │   │   │   │   │   _logger.critical(err)                                                                                                                             │
│    859 │   │   │   │   │   else:                                                                                                                                                 │
│ ❱  860 │   │   │   │   │   │   raise ImportError(err)                                                                                                                            │
│    861 │   │   │   │   else:                                                                                                                                                     │
│    862 │   │   │   │   │   err = dedent(                                                                                                                                         │
│    863 │   │   │   │   │   │   """\                                                                                                                                              │
│                                                                                                                                                                                  │
│ ╭────────────────────────────────────────────────── locals ───────────────────────────────────────────────────╮                                                                  │
│ │               err = 'Bad git executable.\nThe git executable must be specified in one of the following'+633 │                                                                  │
│ │             error = ['error', 'e', 'exception', 'raise', 'r', '2']                                          │                                                                  │
│ │           has_git = False                                                                                   │                                                                  │
│ │              mode = 'raise'                                                                                 │                                                                  │
│ │           new_git = 'git'                                                                                   │                                                                  │
│ │           old_git = None                                                                                    │                                                                  │
│ │ old_refresh_token = <object object at 0x000001E374B31C60>                                                   │                                                                  │
│ │              path = None                                                                                    │                                                                  │
│ │             quiet = ['quiet', 'q', 'silence', 's', 'silent', 'none', 'n', '0']                              │                                                                  │
│ │              warn = ['warn', 'w', 'warning', 'log', 'l', '1']                                               │                                                                  │
│ ╰─────────────────────────────────────────────────────────────────────────────────────────────────────────────╯                                                                  │
╰──────────────────────────────────────────────────────────────────────────────────────────────────────────────────────────────────────────────────────────────────────────────────╯
ImportError: Bad git executable.
The git executable must be specified in one of the following ways:
    - be included in your $PATH
    - be set via $GIT_PYTHON_GIT_EXECUTABLE
    - explicitly set via git.refresh(<full-path-to-git-executable>)

All git commands will error until this is rectified.

This initial message can be silenced or aggravated in the future by setting the
$GIT_PYTHON_REFRESH environment variable. Use one of the following values:
    - quiet|q|silence|s|silent|none|n|0: for no message or exception
    - warn|w|warning|log|l|1: for a warning message (logging level CRITICAL, displayed by default)
    - error|e|exception|raise|r|2: for a raised exception

Example:
    export GIT_PYTHON_REFRESH=quiet


The above exception was the direct cause of the following exception:

╭─────────────────────────────────────────────────────────────────────── Traceback (most recent call last) ────────────────────────────────────────────────────────────────────────╮
│ C:\Users\User\AppData\Local\Packages\PythonSoftwareFoundation.Python.3.13_qbz5n2kfra8p0\LocalCache\local-packages\Python313\site-packages\briefcase\integrations\git.py:40 in ve │
│                                                                                                                                                                                  │
│   37 │   │                                                                                    ╭─────────────────────────────────── locals ────────────────────────────────────╮  │
│   38 │   │   # Check whether the git executable could be imported.                            │ kwargs = {'app': None}                                                        │  │
│   39 │   │   try:                                                                             │  tools = <briefcase.integrations.base.ToolCache object at 0x000001E37A678C20> │  │
│ ❱ 40 │   │   │   import git                                                                   ╰───────────────────────────────────────────────────────────────────────────────╯  │
│   41 │   │   except ImportError as e:  # pragma: no cover                                                                                                                        │
│   42 │   │   │   # macOS provides git as part of the Xcode command line tools,                                                                                                   │
│   43 │   │   │   # and also hijacks /usr/bin/git with a trigger that prompts the                                                                                                 │
│                                                                                                                                                                                  │
│ C:\Users\User\AppData\Local\Packages\PythonSoftwareFoundation.Python.3.13_qbz5n2kfra8p0\LocalCache\local-packages\Python313\site-packages\git\__init__.py:298 in <module>        │
│                                                                                                                                                                                  │
│   295 try:                                                                                                                                                                       │
│   296 │   refresh()                                                                                                                                                              │
│   297 except Exception as _exc:                                                                                                                                                  │
│ ❱ 298 │   raise ImportError("Failed to initialize: {0}".format(_exc)) from _exc                                                                                                  │
│   299                                                                                                                                                                            │
│   300 # } END initialize git executable path                                                                                                                                     │
│   301                                                                                                                                                                            │
│                                                                                                                                                                                  │
│ ╭─────────────────────────────────────────────────────────────────────────────────── locals ───────────────────────────────────────────────────────────────────────────────────╮ │
│ │           cmd = <module 'git.cmd' from                                                                                                                                       │ │
│ │                 'C:\\Users\\User\\AppData\\Local\\Packages\\PythonSoftwareFoundation.Python.3.13_qbz5n2kfra8p0\\LocalCache\\local-packages\\Python313\\site-packages\\git\\… │ │
│ │        compat = <module 'git.compat' from                                                                                                                                    │ │
│ │                 'C:\\Users\\User\\AppData\\Local\\Packages\\PythonSoftwareFoundation.Python.3.13_qbz5n2kfra8p0\\LocalCache\\local-packages\\Python313\\site-packages\\git\\… │ │
│ │        config = <module 'git.config' from                                                                                                                                    │ │
│ │                 'C:\\Users\\User\\AppData\\Local\\Packages\\PythonSoftwareFoundation.Python.3.13_qbz5n2kfra8p0\\LocalCache\\local-packages\\Python313\\site-packages\\git\\… │ │
│ │            db = <module 'git.db' from                                                                                                                                        │ │
│ │                 'C:\\Users\\User\\AppData\\Local\\Packages\\PythonSoftwareFoundation.Python.3.13_qbz5n2kfra8p0\\LocalCache\\local-packages\\Python313\\site-packages\\git\\… │ │
│ │          diff = <module 'git.diff' from                                                                                                                                      │ │
│ │                 'C:\\Users\\User\\AppData\\Local\\Packages\\PythonSoftwareFoundation.Python.3.13_qbz5n2kfra8p0\\LocalCache\\local-packages\\Python313\\site-packages\\git\\… │ │
│ │           exc = <module 'git.exc' from                                                                                                                                       │ │
│ │                 'C:\\Users\\User\\AppData\\Local\\Packages\\PythonSoftwareFoundation.Python.3.13_qbz5n2kfra8p0\\LocalCache\\local-packages\\Python313\\site-packages\\git\\… │ │
│ │        GIT_OK = False                                                                                                                                                        │ │
│ │         INDEX = <DiffConstants.INDEX: 2>                                                                                                                                     │ │
│ │         index = <module 'git.index' from                                                                                                                                     │ │
│ │                 'C:\\Users\\User\\AppData\\Local\\Packages\\PythonSoftwareFoundation.Python.3.13_qbz5n2kfra8p0\\LocalCache\\local-packages\\Python313\\site-packages\\git\\… │ │
│ │          List = typing.List                                                                                                                                                  │ │
│ │     NULL_TREE = <DiffConstants.NULL_TREE: 1>                                                                                                                                 │ │
│ │       objects = <module 'git.objects' from                                                                                                                                   │ │
│ │                 'C:\\Users\\User\\AppData\\Local\\Packages\\PythonSoftwareFoundation.Python.3.13_qbz5n2kfra8p0\\LocalCache\\local-packages\\Python313\\site-packages\\git\\… │ │
│ │      Optional = typing.Optional                                                                                                                                              │ │
│ │      PathLike = typing.Union[str, ForwardRef('os.PathLike[str]')]                                                                                                            │ │
│ │          refs = <module 'git.refs' from                                                                                                                                      │ │
│ │                 'C:\\Users\\User\\AppData\\Local\\Packages\\PythonSoftwareFoundation.Python.3.13_qbz5n2kfra8p0\\LocalCache\\local-packages\\Python313\\site-packages\\git\\… │ │
│ │        remote = <module 'git.remote' from                                                                                                                                    │ │
│ │                 'C:\\Users\\User\\AppData\\Local\\Packages\\PythonSoftwareFoundation.Python.3.13_qbz5n2kfra8p0\\LocalCache\\local-packages\\Python313\\site-packages\\git\\… │ │
│ │          repo = <module 'git.repo' from                                                                                                                                      │ │
│ │                 'C:\\Users\\User\\AppData\\Local\\Packages\\PythonSoftwareFoundation.Python.3.13_qbz5n2kfra8p0\\LocalCache\\local-packages\\Python313\\site-packages\\git\\… │ │
│ │      Sequence = typing.Sequence                                                                                                                                              │ │
│ │         Tuple = typing.Tuple                                                                                                                                                 │ │
│ │ TYPE_CHECKING = False                                                                                                                                                        │ │
│ │         types = <module 'git.types' from                                                                                                                                     │ │
│ │                 'C:\\Users\\User\\AppData\\Local\\Packages\\PythonSoftwareFoundation.Python.3.13_qbz5n2kfra8p0\\LocalCache\\local-packages\\Python313\\site-packages\\git\\… │ │
│ │         Union = typing.Union                                                                                                                                                 │ │
│ │      warnings = <module 'warnings' from 'C:\\Program Files\\WindowsApps\\PythonSoftwareFoundation.Python.3.13_3.13.2544.0_x64__qbz5n2kfra8p0\\Lib\\warnings.py'>             │ │
│ ╰──────────────────────────────────────────────────────────────────────────────────────────────────────────────────────────────────────────────────────────────────────────────╯ │
╰──────────────────────────────────────────────────────────────────────────────────────────────────────────────────────────────────────────────────────────────────────────────────╯
ImportError: Failed to initialize: Bad git executable.
The git executable must be specified in one of the following ways:
    - be included in your $PATH
    - be set via $GIT_PYTHON_GIT_EXECUTABLE
    - explicitly set via git.refresh(<full-path-to-git-executable>)

All git commands will error until this is rectified.

This initial message can be silenced or aggravated in the future by setting the
$GIT_PYTHON_REFRESH environment variable. Use one of the following values:
    - quiet|q|silence|s|silent|none|n|0: for no message or exception
    - warn|w|warning|log|l|1: for a warning message (logging level CRITICAL, displayed by default)
    - error|e|exception|raise|r|2: for a raised exception

Example:
    export GIT_PYTHON_REFRESH=quiet


The above exception was the direct cause of the following exception:

╭─────────────────────────────────────────────────────────────────────── Traceback (most recent call last) ────────────────────────────────────────────────────────────────────────╮
│ C:\Users\User\AppData\Local\Packages\PythonSoftwareFoundation.Python.3.13_qbz5n2kfra8p0\LocalCache\local-packages\Python313\site-packages\briefcase\__main__.py:27 in main       │
│                                                                                                                                                                                  │
│   24 │   │   │   Path.cwd() / "pyproject.toml",                                                                                                                                  │
│   25 │   │   │   overrides=overrides,                                                                                                                                            │
│   26 │   │   )                                                                                                                                                                   │
│ ❱ 27 │   │   command(**options)                                                                                                                                                  │
│   28 │   except HelpText as e:                                                                                                                                                   │
│   29 │   │   console.info()                                                                                                                                                      │
│   30 │   │   console.info(str(e))                                                                                                                                                │
│                                                                                                                                                                                  │
│ ╭─────────────────────────────────────────────────────────────────────────────────── locals ───────────────────────────────────────────────────────────────────────────────────╮ │
│ │       command = <briefcase.commands.new.NewCommand object at 0x000001E37A6782F0>                                                                                             │ │
│ │       console = <briefcase.console.Console object at 0x000001E377622A50>                                                                                                     │ │
│ │             e = BriefcaseCommandError('Briefcase requires git, but it is not installed (or is not on your PATH). Visit:\n\n    https://git-scm.com/\n\nto download and       │ │
│ │                 install git manually.\n\nIf you have installed git recently and are still getting this error, you may\nneed to restart your terminal session.\n')            │ │
│ │ extra_cmdline = []                                                                                                                                                           │ │
│ │       options = {'template': None, 'template_branch': None, 'project_overrides': None}                                                                                       │ │
│ │     overrides = {}                                                                                                                                                           │ │
│ │        result = 200                                                                                                                                                          │ │
│ ╰──────────────────────────────────────────────────────────────────────────────────────────────────────────────────────────────────────────────────────────────────────────────╯ │
│                                                                                                                                                                                  │
│ C:\Users\User\AppData\Local\Packages\PythonSoftwareFoundation.Python.3.13_qbz5n2kfra8p0\LocalCache\local-packages\Python313\site-packages\briefcase\commands\new.py:606 in __cal │
│                                                                                                                                                                                  │
│   603 │   ):                                                                                                                                                                     │
│   604 │   │   # Confirm host compatibility, and that all required tools are available.                                                                                           │
│   605 │   │   # There are no apps, so finalize() will be a no op on app configurations.                                                                                          │
│ ❱ 606 │   │   self.finalize()                                                                                                                                                    │
│   607 │   │                                                                                                                                                                      │
│   608 │   │   return self.new_app(                                                                                                                                               │
│   609 │   │   │   template=template,                                                                                                                                             │
│                                                                                                                                                                                  │
│ ╭─────────────────────────────────────── locals ───────────────────────────────────────╮                                                                                         │
│ │           options = {}                                                               │                                                                                         │
│ │ project_overrides = None                                                             │                                                                                         │
│ │              self = <briefcase.commands.new.NewCommand object at 0x000001E37A6782F0> │                                                                                         │
│ │          template = None                                                             │                                                                                         │
│ │   template_branch = None                                                             │                                                                                         │
│ ╰──────────────────────────────────────────────────────────────────────────────────────╯                                                                                         │
│                                                                                                                                                                                  │
│ C:\Users\User\AppData\Local\Packages\PythonSoftwareFoundation.Python.3.13_qbz5n2kfra8p0\LocalCache\local-packages\Python313\site-packages\briefcase\commands\base.py:701 in fina │
│                                                                                                                                                                                  │
│    698 │   │   │   to finalize. By default, all apps will be finalized.                         ╭─────────────────────────────────── locals ───────────────────────────────────╮ │
│    699 │   │   """                                                                              │       app = None                                                             │ │
│    700 │   │   self.verify_host()                                                               │      self = <briefcase.commands.new.NewCommand object at 0x000001E37A6782F0> │ │
│ ❱  701 │   │   self.verify_tools()                                                              │ test_mode = False                                                            │ │
│    702 │   │                                                                                    ╰──────────────────────────────────────────────────────────────────────────────╯ │
│    703 │   │   apps = self.apps.values() if app is None else [app]                                                                                                               │
│    704 │   │   for app in apps:                                                                                                                                                  │
│                                                                                                                                                                                  │
│ C:\Users\User\AppData\Local\Packages\PythonSoftwareFoundation.Python.3.13_qbz5n2kfra8p0\LocalCache\local-packages\Python313\site-packages\briefcase\commands\new.py:595 in verif │
│                                                                                                                                                                                  │
│   592 │   │   Raises MissingToolException if a required system tool is missing.                ╭──────────────────────────────── locals ─────────────────────────────────╮       │
│   593 │   │   """                                                                              │ self = <briefcase.commands.new.NewCommand object at 0x000001E37A6782F0> │       │
│   594 │   │   super().verify_tools()                                                           ╰─────────────────────────────────────────────────────────────────────────╯       │
│ ❱ 595 │   │   Git.verify(tools=self.tools)                                                                                                                                       │
│   596 │                                                                                                                                                                          │
│   597 │   def __call__(                                                                                                                                                          │
│   598 │   │   self,                                                                                                                                                              │
│                                                                                                                                                                                  │
│ C:\Users\User\AppData\Local\Packages\PythonSoftwareFoundation.Python.3.13_qbz5n2kfra8p0\LocalCache\local-packages\Python313\site-packages\briefcase\integrations\base.py:78 in v │
│                                                                                                                                                                                  │
│    75 │   ) -> ToolT:                                                                          ╭─────────────────────────────────── locals ────────────────────────────────────╮ │
│    76 │   │   """Confirm the tool is available and usable on the host platform."""             │    app = None                                                                 │ │
│    77 │   │   cls.verify_host(tools=tools)                                                     │ kwargs = {}                                                                   │ │
│ ❱  78 │   │   tool = cls.verify_install(tools=tools, app=app, **kwargs)                        │  tools = <briefcase.integrations.base.ToolCache object at 0x000001E37A678C20> │ │
│    79 │   │   return tool                                                                      ╰───────────────────────────────────────────────────────────────────────────────╯ │
│    80 │                                                                                                                                                                          │
│    81 │   @classmethod                                                                                                                                                           │
│                                                                                                                                                                                  │
│ C:\Users\User\AppData\Local\Packages\PythonSoftwareFoundation.Python.3.13_qbz5n2kfra8p0\LocalCache\local-packages\Python313\site-packages\briefcase\integrations\git.py:65 in ve │
│                                                                                                                                                                                  │
│   62 │   │   │   │   ) from e                                                                 ╭─────────────────────────────────── locals ────────────────────────────────────╮  │
│   63 │   │   │                                                                                │ kwargs = {'app': None}                                                        │  │
│   64 │   │   │   else:                                                                        │  tools = <briefcase.integrations.base.ToolCache object at 0x000001E37A678C20> │  │
│ ❱ 65 │   │   │   │   raise BriefcaseCommandError(                                             ╰───────────────────────────────────────────────────────────────────────────────╯  │
│   66 │   │   │   │   │   f"""\                                                                                                                                                   │
│   67 Briefcase requires git, but it is not installed (or is not on your PATH). Visit:                                                                                            │
│   68                                                                                                                                                                             │
╰──────────────────────────────────────────────────────────────────────────────────────────────────────────────────────────────────────────────────────────────────────────────────╯
BriefcaseCommandError: Briefcase requires git, but it is not installed (or is not on your PATH). Visit:

    https://git-scm.com/

to download and install git manually.

If you have installed git recently and are still getting this error, you may
need to restart your terminal session.

